<?xml version="1.0" encoding="UTF-8"?>
<testng-results skipped="0" failed="0" ignored="0" total="2" passed="2">
  <reporter-output>
  </reporter-output>
  <suite name="Default suite" duration-ms="271" started-at="2017-08-16T02:10:56Z" finished-at="2017-08-16T02:10:56Z">
    <groups>
    </groups>
    <test name="Default test" duration-ms="271" started-at="2017-08-16T02:10:56Z" finished-at="2017-08-16T02:10:56Z">
      <class name="testng.TestBackDao">
        <test-method status="PASS" signature="setUp()[pri:0, instance:testng.TestBackDao@6767c1fc]" name="setUp" is-config="true" duration-ms="0" started-at="2017-08-16T10:10:56Z" finished-at="2017-08-16T10:10:56Z">
          <reporter-output>
          </reporter-output>
        </test-method> <!-- setUp -->
        <test-method status="PASS" signature="testGetAll()[pri:0, instance:testng.TestBackDao@6767c1fc]" name="testGetAll" duration-ms="240" started-at="2017-08-16T10:10:56Z" finished-at="2017-08-16T10:10:56Z">
          <reporter-output>
          </reporter-output>
        </test-method> <!-- testGetAll -->
        <test-method status="PASS" signature="testInsert()[pri:0, instance:testng.TestBackDao@6767c1fc]" name="testInsert" duration-ms="16" started-at="2017-08-16T10:10:56Z" finished-at="2017-08-16T10:10:56Z">
          <reporter-output>
          </reporter-output>
        </test-method> <!-- testInsert -->
        <test-method status="PASS" signature="destroy()[pri:0, instance:testng.TestBackDao@6767c1fc]" name="destroy" is-config="true" duration-ms="0" started-at="2017-08-16T10:10:56Z" finished-at="2017-08-16T10:10:56Z">
          <reporter-output>
          </reporter-output>
        </test-method> <!-- destroy -->
      </class> <!-- testng.TestBackDao -->
    </test> <!-- Default test -->
  </suite> <!-- Default suite -->
</testng-results>
